obj/release/netstandard2.1/blazor/linker/Microsoft.AspNetCore.Components.dll
obj/release/netstandard2.1/blazor/linker/Microsoft.AspNetCore.Components.Web.dll
obj/release/netstandard2.1/blazor/linker/Microsoft.AspNetCore.Components.WebAssembly.dll
obj/release/netstandard2.1/blazor/linker/Microsoft.Bcl.AsyncInterfaces.dll
obj/release/netstandard2.1/blazor/linker/Microsoft.Extensions.Configuration.Abstractions.dll
obj/release/netstandard2.1/blazor/linker/Microsoft.Extensions.Configuration.dll
obj/release/netstandard2.1/blazor/linker/Microsoft.Extensions.Configuration.Json.dll
obj/release/netstandard2.1/blazor/linker/Microsoft.Extensions.DependencyInjection.Abstractions.dll
obj/release/netstandard2.1/blazor/linker/Microsoft.Extensions.DependencyInjection.dll
obj/release/netstandard2.1/blazor/linker/Microsoft.Extensions.Logging.Abstractions.dll
obj/release/netstandard2.1/blazor/linker/Microsoft.Extensions.Logging.dll
obj/release/netstandard2.1/blazor/linker/Microsoft.Extensions.Options.dll
obj/release/netstandard2.1/blazor/linker/Microsoft.Extensions.Primitives.dll
obj/release/netstandard2.1/blazor/linker/Microsoft.JSInterop.dll
obj/release/netstandard2.1/blazor/linker/Microsoft.JSInterop.WebAssembly.dll
obj/release/netstandard2.1/blazor/linker/mscorlib.dll
obj/release/netstandard2.1/blazor/linker/sample.dll
obj/release/netstandard2.1/blazor/linker/System.Core.dll
obj/release/netstandard2.1/blazor/linker/System.dll
obj/release/netstandard2.1/blazor/linker/System.Net.Http.dll
obj/release/netstandard2.1/blazor/linker/System.Net.Http.Json.dll
obj/release/netstandard2.1/blazor/linker/System.Net.Http.WebAssemblyHttpHandler.dll
obj/release/netstandard2.1/blazor/linker/System.Runtime.CompilerServices.Unsafe.dll
obj/release/netstandard2.1/blazor/linker/System.Text.Encodings.Web.dll
obj/release/netstandard2.1/blazor/linker/System.Text.Json.dll
obj/release/netstandard2.1/blazor/linker/WebAssembly.Bindings.dll
obj/release/netstandard2.1/blazor/linker/sample.pdb
